2020-10-18 23:26:08,067 INFO     Experiment started
2020-10-18 23:26:08,067 INFO     Hyper-parameters: Namespace(batch_size=512, dataset='hhar', epochs=100, lr=0.01)
2020-10-18 23:26:09,700 INFO     Model architecture: FFN(
  (linear1): Linear(in_features=48, out_features=128, bias=True)
  (bn1): BatchNorm1d(128, eps=1e-05, momentum=0.1, affine=True, track_running_stats=True)
  (linear2): Linear(in_features=128, out_features=64, bias=True)
  (out): Linear(in_features=64, out_features=10, bias=True)
)
2020-10-18 23:29:11,778 INFO     Epoch : 0, Validation Accuracy: [0.82421875, 0.8251953125, 0.85595703125, 0.85498046875, 0.78076171875, 0.81689453125, 0.8701171875, 0.88671875, 0.923828125, 0.91845703125, 0.90966796875, 0.7548828125, 0.636774193548387]
2020-10-18 23:31:46,389 INFO     Epoch : 1, Validation Accuracy: [0.81494140625, 0.83251953125, 0.892578125, 0.8740234375, 0.81591796875, 0.8505859375, 0.9033203125, 0.9091796875, 0.92822265625, 0.92724609375, 0.91259765625, 0.7685546875, 0.6451612903225806]
2020-10-18 23:34:14,161 INFO     Epoch : 2, Validation Accuracy: [0.8447265625, 0.84716796875, 0.890625, 0.88818359375, 0.81640625, 0.85595703125, 0.8984375, 0.921875, 0.9326171875, 0.92919921875, 0.91943359375, 0.78125, 0.6696774193548387]
2020-10-18 23:36:42,181 INFO     Epoch : 3, Validation Accuracy: [0.85205078125, 0.8564453125, 0.88134765625, 0.865234375, 0.81591796875, 0.84033203125, 0.8896484375, 0.9072265625, 0.9384765625, 0.9208984375, 0.900390625, 0.81494140625, 0.7019354838709677]
2020-10-18 23:39:09,598 INFO     Epoch : 4, Validation Accuracy: [0.84716796875, 0.853515625, 0.90478515625, 0.88427734375, 0.82373046875, 0.8623046875, 0.9150390625, 0.91552734375, 0.9423828125, 0.93505859375, 0.9267578125, 0.7919921875, 0.6883870967741935]
2020-10-18 23:41:39,700 INFO     Epoch : 5, Validation Accuracy: [0.85107421875, 0.86865234375, 0.8935546875, 0.89453125, 0.861328125, 0.87158203125, 0.921875, 0.92431640625, 0.94921875, 0.943359375, 0.93359375, 0.80859375, 0.7387096774193549]
2020-10-18 23:44:06,079 INFO     Epoch : 6, Validation Accuracy: [0.8427734375, 0.8564453125, 0.900390625, 0.892578125, 0.833984375, 0.87353515625, 0.9267578125, 0.92333984375, 0.94189453125, 0.93505859375, 0.92138671875, 0.806640625, 0.7174193548387097]
2020-10-18 23:46:33,925 INFO     Epoch : 7, Validation Accuracy: [0.84521484375, 0.8671875, 0.9111328125, 0.9072265625, 0.8046875, 0.85888671875, 0.919921875, 0.91796875, 0.94384765625, 0.939453125, 0.93505859375, 0.80419921875, 0.7232258064516129]
2020-10-18 23:49:00,109 INFO     Epoch : 8, Validation Accuracy: [0.86279296875, 0.88134765625, 0.91357421875, 0.8984375, 0.841796875, 0.87744140625, 0.9296875, 0.93359375, 0.9423828125, 0.93505859375, 0.92138671875, 0.822265625, 0.7335483870967742]
2020-10-18 23:51:35,444 INFO     Epoch : 9, Validation Accuracy: [0.8603515625, 0.87646484375, 0.904296875, 0.90869140625, 0.845703125, 0.8857421875, 0.9189453125, 0.93115234375, 0.95068359375, 0.9384765625, 0.927734375, 0.81494140625, 0.7516129032258064]
2020-10-18 23:54:02,341 INFO     Epoch : 10, Validation Accuracy: [0.861328125, 0.8779296875, 0.90283203125, 0.8935546875, 0.83642578125, 0.87109375, 0.91796875, 0.9296875, 0.94091796875, 0.9404296875, 0.9345703125, 0.81640625, 0.7148387096774194]
2020-10-18 23:56:29,603 INFO     Epoch : 11, Validation Accuracy: [0.8623046875, 0.865234375, 0.91259765625, 0.89599609375, 0.8388671875, 0.87451171875, 0.923828125, 0.93017578125, 0.95849609375, 0.93798828125, 0.91943359375, 0.826171875, 0.743225806451613]
2020-10-18 23:58:57,191 INFO     Epoch : 12, Validation Accuracy: [0.87109375, 0.87548828125, 0.90869140625, 0.90771484375, 0.8359375, 0.88720703125, 0.93212890625, 0.9326171875, 0.95068359375, 0.9462890625, 0.93115234375, 0.814453125, 0.727741935483871]
2020-10-19 00:01:25,800 INFO     Epoch : 13, Validation Accuracy: [0.86376953125, 0.87841796875, 0.921875, 0.904296875, 0.84619140625, 0.8779296875, 0.9267578125, 0.9326171875, 0.94775390625, 0.93017578125, 0.93017578125, 0.8212890625, 0.7445161290322581]
2020-10-19 00:03:57,055 INFO     Epoch : 14, Validation Accuracy: [0.87548828125, 0.89208984375, 0.91162109375, 0.9033203125, 0.85498046875, 0.8896484375, 0.93505859375, 0.93212890625, 0.94921875, 0.94677734375, 0.923828125, 0.83642578125, 0.747741935483871]
2020-10-19 00:06:24,746 INFO     Epoch : 15, Validation Accuracy: [0.85986328125, 0.87158203125, 0.91015625, 0.89599609375, 0.84326171875, 0.86572265625, 0.91650390625, 0.9189453125, 0.943359375, 0.94384765625, 0.92041015625, 0.84130859375, 0.7748387096774193]
2020-10-19 00:08:52,261 INFO     Epoch : 16, Validation Accuracy: [0.87255859375, 0.884765625, 0.90478515625, 0.89208984375, 0.85009765625, 0.88818359375, 0.92431640625, 0.93212890625, 0.94970703125, 0.9296875, 0.9267578125, 0.82958984375, 0.74]
2020-10-19 00:11:19,574 INFO     Epoch : 17, Validation Accuracy: [0.8779296875, 0.89013671875, 0.9208984375, 0.91455078125, 0.85888671875, 0.8876953125, 0.93505859375, 0.931640625, 0.95361328125, 0.939453125, 0.9365234375, 0.84375, 0.747741935483871]
2020-10-19 00:13:47,306 INFO     Epoch : 18, Validation Accuracy: [0.86669921875, 0.8759765625, 0.9072265625, 0.90478515625, 0.85693359375, 0.8828125, 0.9189453125, 0.931640625, 0.951171875, 0.93701171875, 0.93505859375, 0.83056640625, 0.7709677419354839]
2020-10-19 00:16:14,423 INFO     Epoch : 19, Validation Accuracy: [0.8779296875, 0.8896484375, 0.9091796875, 0.9052734375, 0.86962890625, 0.89306640625, 0.9296875, 0.9296875, 0.9453125, 0.9375, 0.9267578125, 0.8330078125, 0.7554838709677419]
2020-10-19 00:18:42,689 INFO     Epoch : 20, Validation Accuracy: [0.87548828125, 0.8759765625, 0.90673828125, 0.90771484375, 0.86328125, 0.88525390625, 0.927734375, 0.93701171875, 0.9501953125, 0.94384765625, 0.94287109375, 0.826171875, 0.7625806451612903]
2020-10-19 00:21:10,685 INFO     Epoch : 21, Validation Accuracy: [0.87060546875, 0.88037109375, 0.9111328125, 0.8984375, 0.84521484375, 0.88818359375, 0.9345703125, 0.9375, 0.95166015625, 0.943359375, 0.93212890625, 0.8505859375, 0.7625806451612903]
2020-10-19 00:23:37,664 INFO     Epoch : 22, Validation Accuracy: [0.87841796875, 0.8974609375, 0.91796875, 0.91015625, 0.861328125, 0.89208984375, 0.9365234375, 0.93701171875, 0.9560546875, 0.94580078125, 0.9404296875, 0.82470703125, 0.7438709677419355]
2020-10-19 00:26:05,408 INFO     Epoch : 23, Validation Accuracy: [0.87451171875, 0.8798828125, 0.91015625, 0.896484375, 0.85791015625, 0.8740234375, 0.9326171875, 0.92529296875, 0.9482421875, 0.93994140625, 0.93408203125, 0.833984375, 0.752258064516129]
2020-10-19 00:28:32,535 INFO     Epoch : 24, Validation Accuracy: [0.86962890625, 0.88037109375, 0.921875, 0.900390625, 0.84228515625, 0.88916015625, 0.935546875, 0.931640625, 0.94287109375, 0.947265625, 0.93115234375, 0.81689453125, 0.7367741935483871]
2020-10-19 00:31:00,003 INFO     Epoch : 25, Validation Accuracy: [0.8662109375, 0.88330078125, 0.92138671875, 0.91162109375, 0.8583984375, 0.87744140625, 0.93896484375, 0.93212890625, 0.95166015625, 0.94580078125, 0.935546875, 0.82763671875, 0.7651612903225806]
2020-10-19 00:33:28,655 INFO     Epoch : 26, Validation Accuracy: [0.8798828125, 0.88427734375, 0.91943359375, 0.9072265625, 0.859375, 0.8916015625, 0.9365234375, 0.9423828125, 0.9541015625, 0.94580078125, 0.93798828125, 0.81201171875, 0.7451612903225806]
2020-10-19 00:35:56,403 INFO     Epoch : 27, Validation Accuracy: [0.8583984375, 0.88232421875, 0.9111328125, 0.912109375, 0.8486328125, 0.884765625, 0.92431640625, 0.935546875, 0.9453125, 0.93994140625, 0.9384765625, 0.83837890625, 0.7516129032258064]
2020-10-19 00:38:23,450 INFO     Epoch : 28, Validation Accuracy: [0.8818359375, 0.88671875, 0.916015625, 0.90576171875, 0.841796875, 0.8876953125, 0.92626953125, 0.9267578125, 0.95361328125, 0.935546875, 0.9345703125, 0.837890625, 0.772258064516129]
2020-10-19 00:40:50,448 INFO     Epoch : 29, Validation Accuracy: [0.88623046875, 0.884765625, 0.91796875, 0.90625, 0.86328125, 0.88525390625, 0.9326171875, 0.943359375, 0.9423828125, 0.951171875, 0.93505859375, 0.8251953125, 0.7709677419354839]
2020-10-19 00:43:18,150 INFO     Epoch : 30, Validation Accuracy: [0.8681640625, 0.89990234375, 0.91357421875, 0.91357421875, 0.85302734375, 0.89404296875, 0.9228515625, 0.94091796875, 0.95166015625, 0.94921875, 0.931640625, 0.833984375, 0.7664516129032258]
2020-10-19 00:45:44,570 INFO     Epoch : 31, Validation Accuracy: [0.8759765625, 0.896484375, 0.9169921875, 0.912109375, 0.85595703125, 0.89501953125, 0.93115234375, 0.93603515625, 0.95849609375, 0.94677734375, 0.94091796875, 0.853515625, 0.7767741935483871]
2020-10-19 00:48:12,470 INFO     Epoch : 32, Validation Accuracy: [0.86767578125, 0.87841796875, 0.92138671875, 0.91259765625, 0.85009765625, 0.88623046875, 0.93408203125, 0.931640625, 0.94482421875, 0.94091796875, 0.92578125, 0.82861328125, 0.7309677419354839]
2020-10-19 00:50:40,978 INFO     Epoch : 33, Validation Accuracy: [0.89599609375, 0.89501953125, 0.916015625, 0.91552734375, 0.86474609375, 0.87841796875, 0.9375, 0.93701171875, 0.94921875, 0.955078125, 0.94287109375, 0.8310546875, 0.7574193548387097]
2020-10-19 00:53:14,753 INFO     Epoch : 34, Validation Accuracy: [0.8896484375, 0.8916015625, 0.92578125, 0.90869140625, 0.86181640625, 0.88427734375, 0.93115234375, 0.935546875, 0.9462890625, 0.94970703125, 0.94140625, 0.84033203125, 0.7625806451612903]
2020-10-19 00:55:41,594 INFO     Epoch : 35, Validation Accuracy: [0.88330078125, 0.88720703125, 0.91845703125, 0.91748046875, 0.85400390625, 0.8828125, 0.92529296875, 0.927734375, 0.95703125, 0.9443359375, 0.92724609375, 0.841796875, 0.7612903225806451]
2020-10-19 00:58:09,464 INFO     Epoch : 36, Validation Accuracy: [0.88623046875, 0.89404296875, 0.9169921875, 0.90380859375, 0.8583984375, 0.88916015625, 0.93310546875, 0.93212890625, 0.951171875, 0.9375, 0.9326171875, 0.8515625, 0.7625806451612903]
2020-10-19 01:00:37,638 INFO     Epoch : 37, Validation Accuracy: [0.8916015625, 0.89404296875, 0.919921875, 0.90966796875, 0.86669921875, 0.89990234375, 0.9326171875, 0.93798828125, 0.94921875, 0.94384765625, 0.9404296875, 0.83447265625, 0.7748387096774193]
2020-10-19 01:03:09,925 INFO     Epoch : 38, Validation Accuracy: [0.8818359375, 0.8935546875, 0.91455078125, 0.9140625, 0.859375, 0.8974609375, 0.9345703125, 0.93896484375, 0.95068359375, 0.9482421875, 0.9326171875, 0.85107421875, 0.7664516129032258]
2020-10-19 01:05:40,236 INFO     Epoch : 39, Validation Accuracy: [0.8818359375, 0.8994140625, 0.9130859375, 0.90625, 0.865234375, 0.89453125, 0.939453125, 0.94140625, 0.9541015625, 0.94677734375, 0.9296875, 0.81396484375, 0.747741935483871]
2020-10-19 01:08:07,831 INFO     Epoch : 40, Validation Accuracy: [0.89111328125, 0.892578125, 0.927734375, 0.91064453125, 0.85693359375, 0.8974609375, 0.9365234375, 0.93994140625, 0.95654296875, 0.94970703125, 0.94140625, 0.833984375, 0.7625806451612903]
2020-10-19 01:10:34,768 INFO     Epoch : 41, Validation Accuracy: [0.88525390625, 0.8916015625, 0.92333984375, 0.91796875, 0.86865234375, 0.88916015625, 0.9296875, 0.9404296875, 0.94921875, 0.93408203125, 0.93115234375, 0.8427734375, 0.7825806451612903]
2020-10-19 01:13:02,180 INFO     Epoch : 42, Validation Accuracy: [0.86962890625, 0.88720703125, 0.92138671875, 0.90869140625, 0.86181640625, 0.8994140625, 0.9326171875, 0.927734375, 0.953125, 0.94482421875, 0.93896484375, 0.8193359375, 0.7606451612903226]
2020-10-19 01:15:30,470 INFO     Epoch : 43, Validation Accuracy: [0.8818359375, 0.8955078125, 0.9091796875, 0.9033203125, 0.84521484375, 0.87939453125, 0.927734375, 0.9326171875, 0.95458984375, 0.94775390625, 0.94482421875, 0.84326171875, 0.76]
2020-10-19 01:18:06,902 INFO     Epoch : 44, Validation Accuracy: [0.884765625, 0.880859375, 0.9189453125, 0.91162109375, 0.8623046875, 0.89013671875, 0.9375, 0.9306640625, 0.947265625, 0.93994140625, 0.927734375, 0.81689453125, 0.7464516129032258]
2020-10-19 01:20:48,508 INFO     Epoch : 45, Validation Accuracy: [0.873046875, 0.8779296875, 0.9189453125, 0.908203125, 0.8662109375, 0.89501953125, 0.92431640625, 0.935546875, 0.95166015625, 0.9501953125, 0.9404296875, 0.82861328125, 0.7612903225806451]
2020-10-19 01:23:15,601 INFO     Epoch : 46, Validation Accuracy: [0.880859375, 0.888671875, 0.921875, 0.90771484375, 0.8671875, 0.8984375, 0.94140625, 0.9345703125, 0.95556640625, 0.94677734375, 0.9384765625, 0.84130859375, 0.7761290322580645]
2020-10-19 01:25:42,886 INFO     Epoch : 47, Validation Accuracy: [0.88818359375, 0.89404296875, 0.923828125, 0.9228515625, 0.865234375, 0.89697265625, 0.9384765625, 0.93701171875, 0.95458984375, 0.951171875, 0.93359375, 0.8291015625, 0.7851612903225806]
2020-10-19 01:28:09,767 INFO     Epoch : 48, Validation Accuracy: [0.89208984375, 0.896484375, 0.9140625, 0.90576171875, 0.86083984375, 0.8984375, 0.9365234375, 0.94189453125, 0.95703125, 0.9521484375, 0.93701171875, 0.83740234375, 0.7735483870967742]
2020-10-19 01:30:36,762 INFO     Epoch : 49, Validation Accuracy: [0.88134765625, 0.8935546875, 0.91162109375, 0.9140625, 0.8671875, 0.8876953125, 0.9365234375, 0.94287109375, 0.947265625, 0.94775390625, 0.93359375, 0.84326171875, 0.7677419354838709]
2020-10-19 01:33:05,593 INFO     Epoch : 50, Validation Accuracy: [0.884765625, 0.89892578125, 0.92333984375, 0.90283203125, 0.869140625, 0.90283203125, 0.9404296875, 0.947265625, 0.9501953125, 0.953125, 0.9375, 0.82958984375, 0.7793548387096774]
2020-10-19 01:35:33,186 INFO     Epoch : 51, Validation Accuracy: [0.88427734375, 0.8935546875, 0.92236328125, 0.90625, 0.8603515625, 0.89990234375, 0.94384765625, 0.9306640625, 0.94970703125, 0.95166015625, 0.93798828125, 0.8427734375, 0.7658064516129032]
2020-10-19 01:38:00,465 INFO     Epoch : 52, Validation Accuracy: [0.88916015625, 0.89404296875, 0.921875, 0.923828125, 0.8740234375, 0.8935546875, 0.93408203125, 0.9384765625, 0.95361328125, 0.95068359375, 0.9326171875, 0.82666015625, 0.7741935483870968]
2020-10-19 01:40:28,055 INFO     Epoch : 53, Validation Accuracy: [0.8935546875, 0.89306640625, 0.9169921875, 0.91162109375, 0.85546875, 0.904296875, 0.931640625, 0.9384765625, 0.962890625, 0.9453125, 0.9443359375, 0.84228515625, 0.7890322580645162]
2020-10-19 01:42:55,270 INFO     Epoch : 54, Validation Accuracy: [0.8837890625, 0.89990234375, 0.919921875, 0.9150390625, 0.85693359375, 0.89306640625, 0.9375, 0.9453125, 0.94580078125, 0.9462890625, 0.9365234375, 0.8349609375, 0.7548387096774194]
2020-10-19 01:45:21,953 INFO     Epoch : 55, Validation Accuracy: [0.8896484375, 0.89453125, 0.92041015625, 0.91162109375, 0.87841796875, 0.90234375, 0.93994140625, 0.94091796875, 0.95166015625, 0.953125, 0.94384765625, 0.84033203125, 0.7709677419354839]
2020-10-19 01:47:48,910 INFO     Epoch : 56, Validation Accuracy: [0.89306640625, 0.8916015625, 0.91845703125, 0.9140625, 0.8505859375, 0.888671875, 0.9326171875, 0.94677734375, 0.9541015625, 0.9482421875, 0.9384765625, 0.84228515625, 0.7483870967741936]
2020-10-19 01:50:16,171 INFO     Epoch : 57, Validation Accuracy: [0.8837890625, 0.89404296875, 0.91552734375, 0.90966796875, 0.86669921875, 0.90576171875, 0.9365234375, 0.94384765625, 0.9580078125, 0.9521484375, 0.94189453125, 0.82177734375, 0.7690322580645161]
2020-10-19 01:52:50,558 INFO     Epoch : 58, Validation Accuracy: [0.89599609375, 0.8974609375, 0.923828125, 0.91064453125, 0.8720703125, 0.89501953125, 0.94091796875, 0.943359375, 0.95703125, 0.9541015625, 0.931640625, 0.8251953125, 0.7606451612903226]
2020-10-19 01:55:17,862 INFO     Epoch : 59, Validation Accuracy: [0.88330078125, 0.9013671875, 0.92333984375, 0.91845703125, 0.87109375, 0.89697265625, 0.9345703125, 0.93896484375, 0.953125, 0.9462890625, 0.9384765625, 0.84033203125, 0.7696774193548387]
2020-10-19 01:57:46,262 INFO     Epoch : 60, Validation Accuracy: [0.8916015625, 0.90087890625, 0.9150390625, 0.9091796875, 0.87255859375, 0.89208984375, 0.939453125, 0.94091796875, 0.95947265625, 0.95458984375, 0.94091796875, 0.83544921875, 0.772258064516129]
2020-10-19 02:00:13,574 INFO     Epoch : 61, Validation Accuracy: [0.888671875, 0.89306640625, 0.92236328125, 0.91748046875, 0.86962890625, 0.8974609375, 0.9365234375, 0.9423828125, 0.95703125, 0.95263671875, 0.93115234375, 0.853515625, 0.78]
2020-10-19 02:02:44,911 INFO     Epoch : 62, Validation Accuracy: [0.880859375, 0.89501953125, 0.923828125, 0.9228515625, 0.86962890625, 0.8974609375, 0.93798828125, 0.93896484375, 0.958984375, 0.9462890625, 0.935546875, 0.8515625, 0.7625806451612903]
2020-10-19 02:05:12,337 INFO     Epoch : 63, Validation Accuracy: [0.86767578125, 0.8974609375, 0.923828125, 0.91064453125, 0.865234375, 0.89306640625, 0.9404296875, 0.94482421875, 0.95166015625, 0.947265625, 0.9365234375, 0.83154296875, 0.7593548387096775]
2020-10-19 02:07:40,004 INFO     Epoch : 64, Validation Accuracy: [0.8857421875, 0.89208984375, 0.92138671875, 0.919921875, 0.86962890625, 0.9013671875, 0.939453125, 0.9384765625, 0.95166015625, 0.9443359375, 0.9404296875, 0.84521484375, 0.7703225806451612]
2020-10-19 02:10:06,595 INFO     Epoch : 65, Validation Accuracy: [0.888671875, 0.89013671875, 0.90869140625, 0.8974609375, 0.87060546875, 0.89990234375, 0.93310546875, 0.93994140625, 0.9599609375, 0.951171875, 0.95068359375, 0.84033203125, 0.7735483870967742]
2020-10-19 02:12:34,240 INFO     Epoch : 66, Validation Accuracy: [0.88623046875, 0.89208984375, 0.92626953125, 0.9140625, 0.8642578125, 0.8984375, 0.93505859375, 0.93798828125, 0.95849609375, 0.95068359375, 0.9423828125, 0.85205078125, 0.7716129032258064]
2020-10-19 02:15:01,022 INFO     Epoch : 67, Validation Accuracy: [0.87890625, 0.896484375, 0.92724609375, 0.91455078125, 0.85986328125, 0.8935546875, 0.935546875, 0.93359375, 0.9580078125, 0.9404296875, 0.9404296875, 0.83544921875, 0.7587096774193548]
2020-10-19 02:17:30,300 INFO     Epoch : 68, Validation Accuracy: [0.8955078125, 0.89111328125, 0.92333984375, 0.9140625, 0.87158203125, 0.89501953125, 0.93798828125, 0.939453125, 0.94775390625, 0.9462890625, 0.9365234375, 0.853515625, 0.7864516129032258]
2020-10-19 02:20:09,934 INFO     Epoch : 69, Validation Accuracy: [0.89404296875, 0.8984375, 0.927734375, 0.92041015625, 0.8662109375, 0.88427734375, 0.93115234375, 0.94384765625, 0.95849609375, 0.94677734375, 0.93310546875, 0.84130859375, 0.7974193548387096]
2020-10-19 02:22:42,652 INFO     Epoch : 70, Validation Accuracy: [0.884765625, 0.88671875, 0.91552734375, 0.904296875, 0.8603515625, 0.8994140625, 0.943359375, 0.9443359375, 0.9580078125, 0.94287109375, 0.92724609375, 0.841796875, 0.7903225806451613]
2020-10-19 02:25:12,249 INFO     Epoch : 71, Validation Accuracy: [0.88818359375, 0.90185546875, 0.9189453125, 0.9150390625, 0.86083984375, 0.89697265625, 0.93701171875, 0.9404296875, 0.9619140625, 0.9384765625, 0.92333984375, 0.85107421875, 0.7851612903225806]
2020-10-19 02:27:39,569 INFO     Epoch : 72, Validation Accuracy: [0.890625, 0.89892578125, 0.92578125, 0.912109375, 0.8740234375, 0.89501953125, 0.92822265625, 0.939453125, 0.95263671875, 0.94775390625, 0.94189453125, 0.8466796875, 0.775483870967742]
2020-10-19 02:30:06,099 INFO     Epoch : 73, Validation Accuracy: [0.8876953125, 0.89697265625, 0.9150390625, 0.9169921875, 0.8681640625, 0.89697265625, 0.94140625, 0.9375, 0.9541015625, 0.9384765625, 0.9208984375, 0.8427734375, 0.7896774193548387]
2020-10-19 02:32:34,248 INFO     Epoch : 74, Validation Accuracy: [0.88525390625, 0.8935546875, 0.92626953125, 0.9111328125, 0.87255859375, 0.8994140625, 0.92626953125, 0.9453125, 0.95703125, 0.94580078125, 0.93798828125, 0.8505859375, 0.7903225806451613]
2020-10-19 02:35:01,147 INFO     Epoch : 75, Validation Accuracy: [0.88916015625, 0.8935546875, 0.92822265625, 0.908203125, 0.87353515625, 0.9013671875, 0.94189453125, 0.935546875, 0.958984375, 0.9453125, 0.9404296875, 0.84521484375, 0.787741935483871]
2020-10-19 02:37:28,965 INFO     Epoch : 76, Validation Accuracy: [0.89208984375, 0.89794921875, 0.916015625, 0.9091796875, 0.86474609375, 0.904296875, 0.9365234375, 0.9404296875, 0.95849609375, 0.94970703125, 0.939453125, 0.8427734375, 0.7735483870967742]
2020-10-19 02:39:56,165 INFO     Epoch : 77, Validation Accuracy: [0.87744140625, 0.8974609375, 0.91796875, 0.91650390625, 0.8623046875, 0.89208984375, 0.93310546875, 0.93603515625, 0.95751953125, 0.95263671875, 0.93798828125, 0.84716796875, 0.7961290322580645]
2020-10-19 02:42:23,350 INFO     Epoch : 78, Validation Accuracy: [0.89892578125, 0.89794921875, 0.92431640625, 0.91455078125, 0.86376953125, 0.90283203125, 0.9375, 0.943359375, 0.95849609375, 0.9501953125, 0.94384765625, 0.83935546875, 0.752258064516129]
2020-10-19 02:44:50,532 INFO     Epoch : 79, Validation Accuracy: [0.88330078125, 0.8828125, 0.9130859375, 0.916015625, 0.8681640625, 0.8974609375, 0.93505859375, 0.94921875, 0.955078125, 0.94775390625, 0.9345703125, 0.83447265625, 0.7632258064516129]
2020-10-19 02:47:17,799 INFO     Epoch : 80, Validation Accuracy: [0.884765625, 0.88818359375, 0.919921875, 0.90478515625, 0.8701171875, 0.892578125, 0.94091796875, 0.93017578125, 0.953125, 0.947265625, 0.9482421875, 0.8310546875, 0.7606451612903226]
2020-10-19 02:49:44,843 INFO     Epoch : 81, Validation Accuracy: [0.8876953125, 0.90185546875, 0.92724609375, 0.919921875, 0.865234375, 0.89892578125, 0.93798828125, 0.9306640625, 0.9560546875, 0.94970703125, 0.93603515625, 0.83935546875, 0.775483870967742]
2020-10-19 02:52:21,411 INFO     Epoch : 82, Validation Accuracy: [0.892578125, 0.896484375, 0.92236328125, 0.91748046875, 0.87060546875, 0.89892578125, 0.939453125, 0.94580078125, 0.95703125, 0.94970703125, 0.94091796875, 0.841796875, 0.7709677419354839]
2020-10-19 02:54:50,671 INFO     Epoch : 83, Validation Accuracy: [0.88671875, 0.88916015625, 0.9287109375, 0.91748046875, 0.86572265625, 0.896484375, 0.9375, 0.9404296875, 0.96337890625, 0.9501953125, 0.93896484375, 0.8310546875, 0.7645161290322581]
2020-10-19 02:57:18,236 INFO     Epoch : 84, Validation Accuracy: [0.88671875, 0.89599609375, 0.923828125, 0.91259765625, 0.8681640625, 0.89501953125, 0.93994140625, 0.93798828125, 0.95703125, 0.95263671875, 0.9462890625, 0.826171875, 0.7645161290322581]
2020-10-19 02:59:45,618 INFO     Epoch : 85, Validation Accuracy: [0.88671875, 0.89404296875, 0.91748046875, 0.90673828125, 0.87646484375, 0.8984375, 0.9345703125, 0.9453125, 0.95947265625, 0.9501953125, 0.9384765625, 0.8330078125, 0.7858064516129032]
2020-10-19 03:02:17,340 INFO     Epoch : 86, Validation Accuracy: [0.90576171875, 0.8974609375, 0.9287109375, 0.91455078125, 0.8759765625, 0.90625, 0.94189453125, 0.94287109375, 0.9560546875, 0.95849609375, 0.9482421875, 0.84619140625, 0.775483870967742]
2020-10-19 03:04:44,948 INFO     Epoch : 87, Validation Accuracy: [0.88671875, 0.888671875, 0.9326171875, 0.91455078125, 0.87451171875, 0.9013671875, 0.94873046875, 0.94140625, 0.95068359375, 0.9501953125, 0.94775390625, 0.84130859375, 0.7838709677419354]
2020-10-19 03:07:11,756 INFO     Epoch : 88, Validation Accuracy: [0.88916015625, 0.9013671875, 0.9208984375, 0.9072265625, 0.85791015625, 0.90234375, 0.92822265625, 0.9384765625, 0.955078125, 0.955078125, 0.9423828125, 0.82958984375, 0.7638709677419355]
2020-10-19 03:09:39,028 INFO     Epoch : 89, Validation Accuracy: [0.8876953125, 0.8974609375, 0.93017578125, 0.91455078125, 0.87109375, 0.90966796875, 0.93505859375, 0.94140625, 0.9462890625, 0.951171875, 0.93310546875, 0.8427734375, 0.7896774193548387]
2020-10-19 03:12:06,178 INFO     Epoch : 90, Validation Accuracy: [0.89208984375, 0.9013671875, 0.91748046875, 0.92236328125, 0.87109375, 0.8974609375, 0.939453125, 0.9384765625, 0.9609375, 0.9521484375, 0.94677734375, 0.84521484375, 0.7793548387096774]
2020-10-19 03:14:31,954 INFO     Epoch : 91, Validation Accuracy: [0.89013671875, 0.89111328125, 0.91796875, 0.919921875, 0.8603515625, 0.90185546875, 0.9453125, 0.947265625, 0.95263671875, 0.95263671875, 0.9326171875, 0.84375, 0.7664516129032258]
2020-10-19 03:16:59,468 INFO     Epoch : 92, Validation Accuracy: [0.88720703125, 0.8994140625, 0.9248046875, 0.91845703125, 0.87744140625, 0.9052734375, 0.9384765625, 0.95068359375, 0.95556640625, 0.947265625, 0.93896484375, 0.8388671875, 0.7793548387096774]
2020-10-19 03:19:26,300 INFO     Epoch : 93, Validation Accuracy: [0.880859375, 0.89208984375, 0.9189453125, 0.9072265625, 0.87646484375, 0.88671875, 0.92724609375, 0.93017578125, 0.9501953125, 0.94677734375, 0.93505859375, 0.822265625, 0.7270967741935483]
2020-10-19 03:21:53,782 INFO     Epoch : 94, Validation Accuracy: [0.88671875, 0.89404296875, 0.92529296875, 0.91552734375, 0.8701171875, 0.9013671875, 0.93994140625, 0.9462890625, 0.95263671875, 0.953125, 0.9423828125, 0.8330078125, 0.7677419354838709]
2020-10-19 03:24:21,544 INFO     Epoch : 95, Validation Accuracy: [0.88720703125, 0.89892578125, 0.91796875, 0.9052734375, 0.86865234375, 0.90234375, 0.9423828125, 0.94091796875, 0.95751953125, 0.95556640625, 0.94580078125, 0.8330078125, 0.7516129032258064]
2020-10-19 03:26:49,036 INFO     Epoch : 96, Validation Accuracy: [0.892578125, 0.89697265625, 0.91259765625, 0.916015625, 0.86328125, 0.89111328125, 0.92041015625, 0.93115234375, 0.95849609375, 0.9423828125, 0.9384765625, 0.84912109375, 0.7896774193548387]
2020-10-19 03:29:16,321 INFO     Epoch : 97, Validation Accuracy: [0.88671875, 0.8916015625, 0.9345703125, 0.921875, 0.8701171875, 0.90185546875, 0.9482421875, 0.943359375, 0.953125, 0.94970703125, 0.939453125, 0.845703125, 0.775483870967742]
2020-10-19 03:31:44,070 INFO     Epoch : 98, Validation Accuracy: [0.8828125, 0.90087890625, 0.92529296875, 0.9072265625, 0.853515625, 0.900390625, 0.9443359375, 0.9443359375, 0.9580078125, 0.951171875, 0.939453125, 0.84423828125, 0.7858064516129032]
2020-10-19 03:34:12,372 INFO     Epoch : 99, Validation Accuracy: [0.89208984375, 0.90087890625, 0.92626953125, 0.9150390625, 0.86376953125, 0.8974609375, 0.93359375, 0.935546875, 0.95263671875, 0.94140625, 0.935546875, 0.83935546875, 0.78]
